# JRE version: Java(TM) SE Runtime Environment (8.0_144-b01) (build 1.8.0_144-b01)
# Java VM: Java HotSpot(TM) 64-Bit Server VM (25.144-b01 mixed mode windows-amd64 compressed oops)
Heap:
 PSYoungGen      total 108032K, used 85018K [0x000000076b580000, 0x0000000776600000, 0x00000007c0000000)
  eden space 97280K, 87% used [0x000000076b580000,0x0000000770886908,0x0000000771480000)
  from space 10752K, 0% used [0x0000000771480000,0x0000000771480000,0x0000000771f00000)
  to   space 15872K, 0% used [0x0000000775680000,0x0000000775680000,0x0000000776600000)
 ParOldGen       total 175104K, used 19103K [0x00000006c2000000, 0x00000006ccb00000, 0x000000076b580000)
  object space 175104K, 10% used [0x00000006c2000000,0x00000006c32a7d28,0x00000006ccb00000)
 Metaspace       used 42707K, capacity 44446K, committed 44760K, reserved 1087488K
  class space    used 5686K, capacity 6002K, committed 6104K, reserved 1048576K
GC Heap History (10 events):
Event: 2.689 GC heap before
{Heap before GC invocations=3 (full 1):
 PSYoungGen      total 75776K, used 10484K [0x000000076b580000, 0x0000000774980000, 0x00000007c0000000)
  eden space 65024K, 0% used [0x000000076b580000,0x000000076b580000,0x000000076f500000)
  from space 10752K, 97% used [0x000000076ff80000,0x00000007709bd310,0x0000000770a00000)
  to   space 10752K, 0% used [0x000000076f500000,0x000000076f500000,0x000000076ff80000)
 ParOldGen       total 173568K, used 24K [0x00000006c2000000, 0x00000006cc980000, 0x000000076b580000)
  object space 173568K, 0% used [0x00000006c2000000,0x00000006c2006000,0x00000006cc980000)
 Metaspace       used 20620K, capacity 21108K, committed 21248K, reserved 1067008K
  class space    used 2623K, capacity 2764K, committed 2816K, reserved 1048576K
Event: 2.722 GC heap after
Heap after GC invocations=3 (full 1):
 PSYoungGen      total 75776K, used 0K [0x000000076b580000, 0x0000000774980000, 0x00000007c0000000)
  eden space 65024K, 0% used [0x000000076b580000,0x000000076b580000,0x000000076f500000)
  from space 10752K, 0% used [0x000000076ff80000,0x000000076ff80000,0x0000000770a00000)
  to   space 10752K, 0% used [0x000000076f500000,0x000000076f500000,0x000000076ff80000)
 ParOldGen       total 105984K, used 9977K [0x00000006c2000000, 0x00000006c8780000, 0x000000076b580000)
  object space 105984K, 9% used [0x00000006c2000000,0x00000006c29be5b0,0x00000006c8780000)
 Metaspace       used 20618K, capacity 21102K, committed 21248K, reserved 1067008K
  class space    used 2622K, capacity 2763K, committed 2816K, reserved 1048576K
}
Event: 3.133 GC heap before
{Heap before GC invocations=4 (full 1):
 PSYoungGen      total 75776K, used 65024K [0x000000076b580000, 0x0000000774980000, 0x00000007c0000000)
  eden space 65024K, 100% used [0x000000076b580000,0x000000076f500000,0x000000076f500000)
  from space 10752K, 0% used [0x000000076ff80000,0x000000076ff80000,0x0000000770a00000)
  to   space 10752K, 0% used [0x000000076f500000,0x000000076f500000,0x000000076ff80000)
 ParOldGen       total 105984K, used 9977K [0x00000006c2000000, 0x00000006c8780000, 0x000000076b580000)
  object space 105984K, 9% used [0x00000006c2000000,0x00000006c29be5b0,0x00000006c8780000)
 Metaspace       used 24004K, capacity 24660K, committed 24832K, reserved 1071104K
  class space    used 3042K, capacity 3214K, committed 3328K, reserved 1048576K
Event: 3.136 GC heap after
Heap after GC invocations=4 (full 1):
 PSYoungGen      total 75776K, used 4389K [0x000000076b580000, 0x0000000772980000, 0x00000007c0000000)
  eden space 65024K, 0% used [0x000000076b580000,0x000000076b580000,0x000000076f500000)
  from space 10752K, 40% used [0x000000076f500000,0x000000076f949738,0x000000076ff80000)
  to   space 10752K, 0% used [0x0000000771f00000,0x0000000771f00000,0x0000000772980000)
 ParOldGen       total 105984K, used 10049K [0x00000006c2000000, 0x00000006c8780000, 0x000000076b580000)
  object space 105984K, 9% used [0x00000006c2000000,0x00000006c29d05c0,0x00000006c8780000)
 Metaspace       used 24004K, capacity 24660K, committed 24832K, reserved 1071104K
  class space    used 3042K, capacity 3214K, committed 3328K, reserved 1048576K
}
Event: 4.200 GC heap before
{Heap before GC invocations=5 (full 1):
 PSYoungGen      total 75776K, used 69413K [0x000000076b580000, 0x0000000772980000, 0x00000007c0000000)
  eden space 65024K, 100% used [0x000000076b580000,0x000000076f500000,0x000000076f500000)
  from space 10752K, 40% used [0x000000076f500000,0x000000076f949738,0x000000076ff80000)
  to   space 10752K, 0% used [0x0000000771f00000,0x0000000771f00000,0x0000000772980000)
 ParOldGen       total 105984K, used 10049K [0x00000006c2000000, 0x00000006c8780000, 0x000000076b580000)
  object space 105984K, 9% used [0x00000006c2000000,0x00000006c29d05c0,0x00000006c8780000)
 Metaspace       used 28860K, capacity 29998K, committed 30080K, reserved 1075200K
  class space    used 3711K, capacity 3961K, committed 3968K, reserved 1048576K
Event: 4.213 GC heap after
Heap after GC invocations=5 (full 1):
 PSYoungGen      total 108032K, used 9671K [0x000000076b580000, 0x0000000772980000, 0x00000007c0000000)
  eden space 97280K, 0% used [0x000000076b580000,0x000000076b580000,0x0000000771480000)
  from space 10752K, 89% used [0x0000000771f00000,0x0000000772871cd0,0x0000000772980000)
  to   space 10752K, 0% used [0x0000000771480000,0x0000000771480000,0x0000000771f00000)
 ParOldGen       total 105984K, used 10057K [0x00000006c2000000, 0x00000006c8780000, 0x000000076b580000)
  object space 105984K, 9% used [0x00000006c2000000,0x00000006c29d25c0,0x00000006c8780000)
 Metaspace       used 28860K, capacity 29998K, committed 30080K, reserved 1075200K
  class space    used 3711K, capacity 3961K, committed 3968K, reserved 1048576K
}
Event: 5.374 GC heap before
{Heap before GC invocations=6 (full 1):
 PSYoungGen      total 108032K, used 94143K [0x000000076b580000, 0x0000000772980000, 0x00000007c0000000)
  eden space 97280K, 86% used [0x000000076b580000,0x00000007707fe288,0x0000000771480000)
  from space 10752K, 89% used [0x0000000771f00000,0x0000000772871cd0,0x0000000772980000)
  to   space 10752K, 0% used [0x0000000771480000,0x0000000771480000,0x0000000771f00000)
 ParOldGen       total 105984K, used 10057K [0x00000006c2000000, 0x00000006c8780000, 0x000000076b580000)
  object space 105984K, 9% used [0x00000006c2000000,0x00000006c29d25c0,0x00000006c8780000)
 Metaspace       used 33770K, capacity 35292K, committed 35416K, reserved 1079296K
  class space    used 4347K, capacity 4662K, committed 4696K, reserved 1048576K
Event: 5.399 GC heap after
Heap after GC invocations=6 (full 1):
 PSYoungGen      total 108032K, used 10742K [0x000000076b580000, 0x0000000776600000, 0x00000007c0000000)
  eden space 97280K, 0% used [0x000000076b580000,0x000000076b580000,0x0000000771480000)
  from space 10752K, 99% used [0x0000000771480000,0x0000000771efd868,0x0000000771f00000)
  to   space 15872K, 0% used [0x0000000775680000,0x0000000775680000,0x0000000776600000)
 ParOldGen       total 105984K, used 13862K [0x00000006c2000000, 0x00000006c8780000, 0x000000076b580000)
  object space 105984K, 13% used [0x00000006c2000000,0x00000006c2d89ba8,0x00000006c8780000)
 Metaspace       used 33770K, capacity 35292K, committed 35416K, reserved 1079296K
  class space    used 4347K, capacity 4662K, committed 4696K, reserved 1048576K
}
Event: 5.399 GC heap before
{Heap before GC invocations=7 (full 2):
 PSYoungGen      total 108032K, used 10742K [0x000000076b580000, 0x0000000776600000, 0x00000007c0000000)
  eden space 97280K, 0% used [0x000000076b580000,0x000000076b580000,0x0000000771480000)
  from space 10752K, 99% used [0x0000000771480000,0x0000000771efd868,0x0000000771f00000)
  to   space 15872K, 0% used [0x0000000775680000,0x0000000775680000,0x0000000776600000)
 ParOldGen       total 105984K, used 13862K [0x00000006c2000000, 0x00000006c8780000, 0x000000076b580000)
  object space 105984K, 13% used [0x00000006c2000000,0x00000006c2d89ba8,0x00000006c8780000)
 Metaspace       used 33770K, capacity 35292K, committed 35416K, reserved 1079296K
  class space    used 4347K, capacity 4662K, committed 4696K, reserved 1048576K
Event: 5.479 GC heap after
Heap after GC invocations=7 (full 2):
 PSYoungGen      total 108032K, used 0K [0x000000076b580000, 0x0000000776600000, 0x00000007c0000000)
  eden space 97280K, 0% used [0x000000076b580000,0x000000076b580000,0x0000000771480000)
  from space 10752K, 0% used [0x0000000771480000,0x0000000771480000,0x0000000771f00000)
  to   space 15872K, 0% used [0x0000000775680000,0x0000000775680000,0x0000000776600000)
 ParOldGen       total 175104K, used 19103K [0x00000006c2000000, 0x00000006ccb00000, 0x000000076b580000)
  object space 175104K, 10% used [0x00000006c2000000,0x00000006c32a7d28,0x00000006ccb00000)
 Metaspace       used 33770K, capacity 35292K, committed 35416K, reserved 1079296K
  class space    used 4347K, capacity 4662K, committed 4696K, reserved 1048576K
}

